<?xml version="1.0" encoding="UTF-8"?>
<!-- Generated by org.testng.reporters.JUnitReportReporter -->
<testsuite skipped="0" hostname="SPCBRN099" name="Parallel01IT" tests="1" failures="0" timestamp="12 Sep 2019 19:40:13 GMT" time="223.294" errors="0">
  <testcase name="feature" time="223.294" classname="Parallel01IT"/>
</testsuite> <!-- Parallel01IT -->
